{"D:\\hacktiv8\\tugas\\phase 3\\final project\\server\\app.js": {"path":"D:\\hacktiv8\\tugas\\phase 3\\final project\\server\\app.js","statementMap":{"0":{"start":{"line":1,"column":0},"end":{"line":3,"column":1}},"1":{"start":{"line":2,"column":2},"end":{"line":2,"column":29}},"2":{"start":{"line":4,"column":16},"end":{"line":4,"column":34}},"3":{"start":{"line":5,"column":13},"end":{"line":5,"column":28}},"4":{"start":{"line":7,"column":13},"end":{"line":7,"column":37}},"5":{"start":{"line":8,"column":12},"end":{"line":8,"column":21}},"6":{"start":{"line":9,"column":15},"end":{"line":9,"column":35}},"7":{"start":{"line":10,"column":21},"end":{"line":10,"column":58}},"8":{"start":{"line":12,"column":0},"end":{"line":12,"column":16}},"9":{"start":{"line":13,"column":0},"end":{"line":13,"column":49}},"10":{"start":{"line":14,"column":0},"end":{"line":14,"column":24}},"11":{"start":{"line":15,"column":0},"end":{"line":15,"column":21}},"12":{"start":{"line":16,"column":0},"end":{"line":16,"column":22}},"13":{"start":{"line":21,"column":0},"end":{"line":21,"column":20}}},"fnMap":{},"branchMap":{"0":{"loc":{"start":{"line":1,"column":0},"end":{"line":3,"column":1}},"type":"if","locations":[{"start":{"line":1,"column":0},"end":{"line":3,"column":1}},{"start":{"line":1,"column":0},"end":{"line":3,"column":1}}],"line":1},"1":{"loc":{"start":{"line":7,"column":13},"end":{"line":7,"column":37}},"type":"binary-expr","locations":[{"start":{"line":7,"column":13},"end":{"line":7,"column":29}},{"start":{"line":7,"column":33},"end":{"line":7,"column":37}}],"line":7}},"s":{"0":3,"1":3,"2":3,"3":3,"4":3,"5":3,"6":3,"7":3,"8":3,"9":3,"10":3,"11":3,"12":3,"13":3},"f":{},"b":{"0":[3,0],"1":[3,3]},"_coverageSchema":"1a1c01bbd47fc00a2c39e90264f33305004495a9","hash":"a02db7915e710f843602c13bd96358d99b8f3f70"}
,"D:\\hacktiv8\\tugas\\phase 3\\final project\\server\\controllers\\classControllers.js": {"path":"D:\\hacktiv8\\tugas\\phase 3\\final project\\server\\controllers\\classControllers.js","statementMap":{"0":{"start":{"line":1,"column":33},"end":{"line":1,"column":53}},"1":{"start":{"line":5,"column":4},"end":{"line":12,"column":5}},"2":{"start":{"line":6,"column":22},"end":{"line":8,"column":8}},"3":{"start":{"line":9,"column":6},"end":{"line":9,"column":36}},"4":{"start":{"line":11,"column":6},"end":{"line":11,"column":16}},"5":{"start":{"line":15,"column":15},"end":{"line":15,"column":29}},"6":{"start":{"line":16,"column":4},"end":{"line":28,"column":5}},"7":{"start":{"line":17,"column":25},"end":{"line":20,"column":8}},"8":{"start":{"line":21,"column":6},"end":{"line":25,"column":7}},"9":{"start":{"line":22,"column":8},"end":{"line":22,"column":41}},"10":{"start":{"line":24,"column":8},"end":{"line":24,"column":74}},"11":{"start":{"line":27,"column":6},"end":{"line":27,"column":16}},"12":{"start":{"line":31,"column":26},"end":{"line":31,"column":34}},"13":{"start":{"line":32,"column":19},"end":{"line":32,"column":36}},"14":{"start":{"line":33,"column":4},"end":{"line":56,"column":5}},"15":{"start":{"line":34,"column":29},"end":{"line":34,"column":62}},"16":{"start":{"line":35,"column":24},"end":{"line":39,"column":8}},"17":{"start":{"line":40,"column":6},"end":{"line":53,"column":7}},"18":{"start":{"line":41,"column":25},"end":{"line":44,"column":10}},"19":{"start":{"line":45,"column":8},"end":{"line":47,"column":69}},"20":{"start":{"line":49,"column":8},"end":{"line":52,"column":11}},"21":{"start":{"line":55,"column":6},"end":{"line":55,"column":16}},"22":{"start":{"line":59,"column":15},"end":{"line":59,"column":29}},"23":{"start":{"line":60,"column":19},"end":{"line":60,"column":36}},"24":{"start":{"line":61,"column":4},"end":{"line":79,"column":5}},"25":{"start":{"line":62,"column":25},"end":{"line":62,"column":49}},"26":{"start":{"line":63,"column":6},"end":{"line":76,"column":7}},"27":{"start":{"line":64,"column":8},"end":{"line":73,"column":9}},"28":{"start":{"line":65,"column":10},"end":{"line":69,"column":13}},"29":{"start":{"line":70,"column":10},"end":{"line":70,"column":67}},"30":{"start":{"line":72,"column":10},"end":{"line":72,"column":74}},"31":{"start":{"line":75,"column":8},"end":{"line":75,"column":74}},"32":{"start":{"line":78,"column":6},"end":{"line":78,"column":16}},"33":{"start":{"line":83,"column":0},"end":{"line":83,"column":34}}},"fnMap":{"0":{"name":"(anonymous_0)","decl":{"start":{"line":4,"column":2},"end":{"line":4,"column":3}},"loc":{"start":{"line":4,"column":38},"end":{"line":13,"column":3}},"line":4},"1":{"name":"(anonymous_1)","decl":{"start":{"line":14,"column":2},"end":{"line":14,"column":3}},"loc":{"start":{"line":14,"column":39},"end":{"line":29,"column":3}},"line":14},"2":{"name":"(anonymous_2)","decl":{"start":{"line":30,"column":2},"end":{"line":30,"column":3}},"loc":{"start":{"line":30,"column":40},"end":{"line":57,"column":3}},"line":30},"3":{"name":"(anonymous_3)","decl":{"start":{"line":58,"column":2},"end":{"line":58,"column":3}},"loc":{"start":{"line":58,"column":39},"end":{"line":80,"column":3}},"line":58}},"branchMap":{"0":{"loc":{"start":{"line":21,"column":6},"end":{"line":25,"column":7}},"type":"if","locations":[{"start":{"line":21,"column":6},"end":{"line":25,"column":7}},{"start":{"line":21,"column":6},"end":{"line":25,"column":7}}],"line":21},"1":{"loc":{"start":{"line":40,"column":6},"end":{"line":53,"column":7}},"type":"if","locations":[{"start":{"line":40,"column":6},"end":{"line":53,"column":7}},{"start":{"line":40,"column":6},"end":{"line":53,"column":7}}],"line":40},"2":{"loc":{"start":{"line":63,"column":6},"end":{"line":76,"column":7}},"type":"if","locations":[{"start":{"line":63,"column":6},"end":{"line":76,"column":7}},{"start":{"line":63,"column":6},"end":{"line":76,"column":7}}],"line":63},"3":{"loc":{"start":{"line":64,"column":8},"end":{"line":73,"column":9}},"type":"if","locations":[{"start":{"line":64,"column":8},"end":{"line":73,"column":9}},{"start":{"line":64,"column":8},"end":{"line":73,"column":9}}],"line":64}},"s":{"0":3,"1":1,"2":1,"3":1,"4":0,"5":2,"6":2,"7":2,"8":2,"9":1,"10":1,"11":0,"12":2,"13":2,"14":2,"15":2,"16":2,"17":2,"18":1,"19":1,"20":1,"21":0,"22":3,"23":3,"24":3,"25":3,"26":3,"27":2,"28":1,"29":1,"30":1,"31":1,"32":0,"33":3},"f":{"0":1,"1":2,"2":2,"3":3},"b":{"0":[1,1],"1":[1,1],"2":[2,1],"3":[1,1]},"_coverageSchema":"1a1c01bbd47fc00a2c39e90264f33305004495a9","hash":"1a613b277d9b4bfff6ea1ddfaa935f18320078ec"}
,"D:\\hacktiv8\\tugas\\phase 3\\final project\\server\\controllers\\lectureControllers.js": {"path":"D:\\hacktiv8\\tugas\\phase 3\\final project\\server\\controllers\\lectureControllers.js","statementMap":{"0":{"start":{"line":1,"column":20},"end":{"line":1,"column":40}},"1":{"start":{"line":5,"column":4},"end":{"line":10,"column":5}},"2":{"start":{"line":6,"column":23},"end":{"line":6,"column":46}},"3":{"start":{"line":7,"column":6},"end":{"line":7,"column":37}},"4":{"start":{"line":9,"column":6},"end":{"line":9,"column":16}},"5":{"start":{"line":13,"column":15},"end":{"line":13,"column":29}},"6":{"start":{"line":14,"column":4},"end":{"line":23,"column":5}},"7":{"start":{"line":15,"column":22},"end":{"line":15,"column":48}},"8":{"start":{"line":16,"column":6},"end":{"line":20,"column":7}},"9":{"start":{"line":17,"column":8},"end":{"line":17,"column":38}},"10":{"start":{"line":19,"column":8},"end":{"line":19,"column":75}},"11":{"start":{"line":22,"column":6},"end":{"line":22,"column":16}},"12":{"start":{"line":27,"column":0},"end":{"line":27,"column":37}}},"fnMap":{"0":{"name":"(anonymous_0)","decl":{"start":{"line":4,"column":2},"end":{"line":4,"column":3}},"loc":{"start":{"line":4,"column":38},"end":{"line":11,"column":3}},"line":4},"1":{"name":"(anonymous_1)","decl":{"start":{"line":12,"column":2},"end":{"line":12,"column":3}},"loc":{"start":{"line":12,"column":39},"end":{"line":24,"column":3}},"line":12}},"branchMap":{"0":{"loc":{"start":{"line":16,"column":6},"end":{"line":20,"column":7}},"type":"if","locations":[{"start":{"line":16,"column":6},"end":{"line":20,"column":7}},{"start":{"line":16,"column":6},"end":{"line":20,"column":7}}],"line":16}},"s":{"0":3,"1":1,"2":1,"3":1,"4":0,"5":2,"6":2,"7":2,"8":2,"9":1,"10":1,"11":0,"12":3},"f":{"0":1,"1":2},"b":{"0":[1,1]},"_coverageSchema":"1a1c01bbd47fc00a2c39e90264f33305004495a9","hash":"1e1c186b26f9b62dadc1f40df20771941f52da44"}
,"D:\\hacktiv8\\tugas\\phase 3\\final project\\server\\controllers\\userControllers.js": {"path":"D:\\hacktiv8\\tugas\\phase 3\\final project\\server\\controllers\\userControllers.js","statementMap":{"0":{"start":{"line":1,"column":17},"end":{"line":1,"column":37}},"1":{"start":{"line":2,"column":20},"end":{"line":2,"column":48}},"2":{"start":{"line":3,"column":20},"end":{"line":3,"column":45}},"3":{"start":{"line":7,"column":32},"end":{"line":7,"column":40}},"4":{"start":{"line":8,"column":4},"end":{"line":30,"column":5}},"5":{"start":{"line":9,"column":24},"end":{"line":13,"column":8}},"6":{"start":{"line":14,"column":6},"end":{"line":27,"column":7}},"7":{"start":{"line":15,"column":28},"end":{"line":15,"column":65}},"8":{"start":{"line":16,"column":8},"end":{"line":24,"column":9}},"9":{"start":{"line":17,"column":31},"end":{"line":20,"column":12}},"10":{"start":{"line":21,"column":10},"end":{"line":21,"column":49}},"11":{"start":{"line":23,"column":10},"end":{"line":23,"column":80}},"12":{"start":{"line":26,"column":8},"end":{"line":26,"column":78}},"13":{"start":{"line":29,"column":6},"end":{"line":29,"column":16}},"14":{"start":{"line":33,"column":4},"end":{"line":38,"column":5}},"15":{"start":{"line":34,"column":20},"end":{"line":34,"column":40}},"16":{"start":{"line":35,"column":6},"end":{"line":35,"column":34}},"17":{"start":{"line":37,"column":6},"end":{"line":37,"column":16}},"18":{"start":{"line":41,"column":15},"end":{"line":41,"column":29}},"19":{"start":{"line":42,"column":4},"end":{"line":51,"column":5}},"20":{"start":{"line":43,"column":19},"end":{"line":43,"column":42}},"21":{"start":{"line":44,"column":6},"end":{"line":48,"column":7}},"22":{"start":{"line":45,"column":8},"end":{"line":45,"column":35}},"23":{"start":{"line":47,"column":8},"end":{"line":47,"column":74}},"24":{"start":{"line":50,"column":6},"end":{"line":50,"column":16}},"25":{"start":{"line":54,"column":15},"end":{"line":54,"column":28}},"26":{"start":{"line":55,"column":4},"end":{"line":69,"column":5}},"27":{"start":{"line":56,"column":24},"end":{"line":56,"column":47}},"28":{"start":{"line":58,"column":8},"end":{"line":62,"column":11}},"29":{"start":{"line":63,"column":8},"end":{"line":63,"column":74}},"30":{"start":{"line":68,"column":6},"end":{"line":68,"column":16}},"31":{"start":{"line":73,"column":0},"end":{"line":73,"column":33}}},"fnMap":{"0":{"name":"(anonymous_0)","decl":{"start":{"line":6,"column":2},"end":{"line":6,"column":3}},"loc":{"start":{"line":6,"column":37},"end":{"line":31,"column":3}},"line":6},"1":{"name":"(anonymous_1)","decl":{"start":{"line":32,"column":2},"end":{"line":32,"column":3}},"loc":{"start":{"line":32,"column":38},"end":{"line":39,"column":3}},"line":32},"2":{"name":"(anonymous_2)","decl":{"start":{"line":40,"column":2},"end":{"line":40,"column":3}},"loc":{"start":{"line":40,"column":39},"end":{"line":52,"column":3}},"line":40},"3":{"name":"(anonymous_3)","decl":{"start":{"line":53,"column":2},"end":{"line":53,"column":3}},"loc":{"start":{"line":53,"column":40},"end":{"line":70,"column":3}},"line":53}},"branchMap":{"0":{"loc":{"start":{"line":14,"column":6},"end":{"line":27,"column":7}},"type":"if","locations":[{"start":{"line":14,"column":6},"end":{"line":27,"column":7}},{"start":{"line":14,"column":6},"end":{"line":27,"column":7}}],"line":14},"1":{"loc":{"start":{"line":16,"column":8},"end":{"line":24,"column":9}},"type":"if","locations":[{"start":{"line":16,"column":8},"end":{"line":24,"column":9}},{"start":{"line":16,"column":8},"end":{"line":24,"column":9}}],"line":16},"2":{"loc":{"start":{"line":44,"column":6},"end":{"line":48,"column":7}},"type":"if","locations":[{"start":{"line":44,"column":6},"end":{"line":48,"column":7}},{"start":{"line":44,"column":6},"end":{"line":48,"column":7}}],"line":44}},"s":{"0":3,"1":3,"2":3,"3":4,"4":4,"5":4,"6":4,"7":2,"8":2,"9":1,"10":1,"11":1,"12":2,"13":0,"14":1,"15":1,"16":1,"17":0,"18":2,"19":2,"20":2,"21":2,"22":1,"23":1,"24":0,"25":2,"26":2,"27":2,"28":2,"29":1,"30":1,"31":3},"f":{"0":4,"1":1,"2":2,"3":2},"b":{"0":[2,2],"1":[1,1],"2":[1,1]},"_coverageSchema":"1a1c01bbd47fc00a2c39e90264f33305004495a9","hash":"901f79400d85d95e87502fab95361d0a85c690f3"}
,"D:\\hacktiv8\\tugas\\phase 3\\final project\\server\\helpers\\bcrypt.js": {"path":"D:\\hacktiv8\\tugas\\phase 3\\final project\\server\\helpers\\bcrypt.js","statementMap":{"0":{"start":{"line":1,"column":15},"end":{"line":1,"column":32}},"1":{"start":{"line":2,"column":13},"end":{"line":2,"column":34}},"2":{"start":{"line":4,"column":13},"end":{"line":6,"column":1}},"3":{"start":{"line":5,"column":2},"end":{"line":5,"column":37}},"4":{"start":{"line":8,"column":16},"end":{"line":10,"column":1}},"5":{"start":{"line":9,"column":2},"end":{"line":9,"column":46}},"6":{"start":{"line":12,"column":0},"end":{"line":15,"column":2}}},"fnMap":{"0":{"name":"(anonymous_0)","decl":{"start":{"line":4,"column":13},"end":{"line":4,"column":14}},"loc":{"start":{"line":4,"column":23},"end":{"line":6,"column":1}},"line":4},"1":{"name":"(anonymous_1)","decl":{"start":{"line":8,"column":16},"end":{"line":8,"column":17}},"loc":{"start":{"line":8,"column":38},"end":{"line":10,"column":1}},"line":8}},"branchMap":{},"s":{"0":3,"1":3,"2":3,"3":5,"4":3,"5":2,"6":3},"f":{"0":5,"1":2},"b":{},"_coverageSchema":"1a1c01bbd47fc00a2c39e90264f33305004495a9","hash":"961273dcfa796a07a0c98a64d0f61e0d5b4ab4dd"}
,"D:\\hacktiv8\\tugas\\phase 3\\final project\\server\\helpers\\jwt.js": {"path":"D:\\hacktiv8\\tugas\\phase 3\\final project\\server\\helpers\\jwt.js","statementMap":{"0":{"start":{"line":1,"column":12},"end":{"line":1,"column":35}},"1":{"start":{"line":3,"column":16},"end":{"line":5,"column":1}},"2":{"start":{"line":4,"column":2},"end":{"line":4,"column":51}},"3":{"start":{"line":7,"column":16},"end":{"line":9,"column":1}},"4":{"start":{"line":8,"column":2},"end":{"line":8,"column":51}},"5":{"start":{"line":11,"column":0},"end":{"line":14,"column":2}}},"fnMap":{"0":{"name":"(anonymous_0)","decl":{"start":{"line":3,"column":16},"end":{"line":3,"column":17}},"loc":{"start":{"line":3,"column":29},"end":{"line":5,"column":1}},"line":3},"1":{"name":"(anonymous_1)","decl":{"start":{"line":7,"column":16},"end":{"line":7,"column":17}},"loc":{"start":{"line":7,"column":27},"end":{"line":9,"column":1}},"line":7}},"branchMap":{},"s":{"0":3,"1":3,"2":6,"3":3,"4":20,"5":3},"f":{"0":6,"1":20},"b":{},"_coverageSchema":"1a1c01bbd47fc00a2c39e90264f33305004495a9","hash":"a91294f96b9558e83d86de46cfbba4c753f4a257"}
,"D:\\hacktiv8\\tugas\\phase 3\\final project\\server\\middlewares\\auth.js": {"path":"D:\\hacktiv8\\tugas\\phase 3\\final project\\server\\middlewares\\auth.js","statementMap":{"0":{"start":{"line":1,"column":17},"end":{"line":1,"column":37}},"1":{"start":{"line":2,"column":20},"end":{"line":2,"column":45}},"2":{"start":{"line":4,"column":23},"end":{"line":29,"column":1}},"3":{"start":{"line":5,"column":2},"end":{"line":28,"column":3}},"4":{"start":{"line":6,"column":29},"end":{"line":6,"column":40}},"5":{"start":{"line":7,"column":4},"end":{"line":25,"column":5}},"6":{"start":{"line":8,"column":24},"end":{"line":8,"column":45}},"7":{"start":{"line":9,"column":24},"end":{"line":13,"column":8}},"8":{"start":{"line":14,"column":6},"end":{"line":22,"column":7}},"9":{"start":{"line":15,"column":8},"end":{"line":18,"column":10}},"10":{"start":{"line":19,"column":8},"end":{"line":19,"column":15}},"11":{"start":{"line":21,"column":8},"end":{"line":21,"column":71}},"12":{"start":{"line":24,"column":6},"end":{"line":24,"column":79}},"13":{"start":{"line":27,"column":4},"end":{"line":27,"column":14}},"14":{"start":{"line":31,"column":22},"end":{"line":43,"column":1}},"15":{"start":{"line":32,"column":27},"end":{"line":32,"column":38}},"16":{"start":{"line":33,"column":20},"end":{"line":33,"column":41}},"17":{"start":{"line":34,"column":17},"end":{"line":34,"column":29}},"18":{"start":{"line":35,"column":13},"end":{"line":35,"column":26}},"19":{"start":{"line":36,"column":17},"end":{"line":36,"column":30}},"20":{"start":{"line":38,"column":2},"end":{"line":42,"column":3}},"21":{"start":{"line":39,"column":4},"end":{"line":39,"column":11}},"22":{"start":{"line":41,"column":4},"end":{"line":41,"column":66}},"23":{"start":{"line":45,"column":0},"end":{"line":48,"column":2}}},"fnMap":{"0":{"name":"(anonymous_0)","decl":{"start":{"line":4,"column":23},"end":{"line":4,"column":24}},"loc":{"start":{"line":4,"column":49},"end":{"line":29,"column":1}},"line":4},"1":{"name":"(anonymous_1)","decl":{"start":{"line":31,"column":22},"end":{"line":31,"column":23}},"loc":{"start":{"line":31,"column":48},"end":{"line":43,"column":1}},"line":31}},"branchMap":{"0":{"loc":{"start":{"line":7,"column":4},"end":{"line":25,"column":5}},"type":"if","locations":[{"start":{"line":7,"column":4},"end":{"line":25,"column":5}},{"start":{"line":7,"column":4},"end":{"line":25,"column":5}}],"line":7},"1":{"loc":{"start":{"line":14,"column":6},"end":{"line":22,"column":7}},"type":"if","locations":[{"start":{"line":14,"column":6},"end":{"line":22,"column":7}},{"start":{"line":14,"column":6},"end":{"line":22,"column":7}}],"line":14},"2":{"loc":{"start":{"line":38,"column":2},"end":{"line":42,"column":3}},"type":"if","locations":[{"start":{"line":38,"column":2},"end":{"line":42,"column":3}},{"start":{"line":38,"column":2},"end":{"line":42,"column":3}}],"line":38}},"s":{"0":3,"1":3,"2":3,"3":23,"4":23,"5":23,"6":17,"7":17,"8":17,"9":17,"10":17,"11":0,"12":6,"13":0,"14":3,"15":3,"16":3,"17":3,"18":3,"19":3,"20":3,"21":2,"22":1,"23":3},"f":{"0":23,"1":3},"b":{"0":[17,6],"1":[17,0],"2":[2,1]},"_coverageSchema":"1a1c01bbd47fc00a2c39e90264f33305004495a9","hash":"b11c31b2a4512c63e476a1ab08602d768b4a2a1b"}
,"D:\\hacktiv8\\tugas\\phase 3\\final project\\server\\middlewares\\errorHandler.js": {"path":"D:\\hacktiv8\\tugas\\phase 3\\final project\\server\\middlewares\\errorHandler.js","statementMap":{"0":{"start":{"line":1,"column":21},"end":{"line":29,"column":1}},"1":{"start":{"line":2,"column":2},"end":{"line":28,"column":3}},"2":{"start":{"line":5,"column":6},"end":{"line":5,"column":53}},"3":{"start":{"line":6,"column":6},"end":{"line":6,"column":12}},"4":{"start":{"line":8,"column":18},"end":{"line":8,"column":20}},"5":{"start":{"line":9,"column":26},"end":{"line":9,"column":50}},"6":{"start":{"line":10,"column":6},"end":{"line":13,"column":8}},"7":{"start":{"line":11,"column":21},"end":{"line":11,"column":48}},"8":{"start":{"line":12,"column":8},"end":{"line":12,"column":26}},"9":{"start":{"line":14,"column":6},"end":{"line":14,"column":47}},"10":{"start":{"line":15,"column":6},"end":{"line":15,"column":12}},"11":{"start":{"line":19,"column":6},"end":{"line":19,"column":53}},"12":{"start":{"line":20,"column":6},"end":{"line":20,"column":12}},"13":{"start":{"line":24,"column":6},"end":{"line":24,"column":53}},"14":{"start":{"line":25,"column":6},"end":{"line":25,"column":12}},"15":{"start":{"line":27,"column":6},"end":{"line":27,"column":80}},"16":{"start":{"line":31,"column":0},"end":{"line":31,"column":30}}},"fnMap":{"0":{"name":"(anonymous_0)","decl":{"start":{"line":1,"column":21},"end":{"line":1,"column":22}},"loc":{"start":{"line":1,"column":46},"end":{"line":29,"column":1}},"line":1},"1":{"name":"(anonymous_1)","decl":{"start":{"line":10,"column":28},"end":{"line":10,"column":29}},"loc":{"start":{"line":10,"column":34},"end":{"line":13,"column":7}},"line":10}},"branchMap":{"0":{"loc":{"start":{"line":2,"column":2},"end":{"line":28,"column":3}},"type":"switch","locations":[{"start":{"line":3,"column":4},"end":{"line":3,"column":23}},{"start":{"line":4,"column":4},"end":{"line":6,"column":12}},{"start":{"line":7,"column":4},"end":{"line":15,"column":12}},{"start":{"line":16,"column":4},"end":{"line":16,"column":26}},{"start":{"line":17,"column":4},"end":{"line":17,"column":30}},{"start":{"line":18,"column":4},"end":{"line":20,"column":12}},{"start":{"line":21,"column":4},"end":{"line":21,"column":22}},{"start":{"line":22,"column":4},"end":{"line":22,"column":25}},{"start":{"line":23,"column":4},"end":{"line":25,"column":12}},{"start":{"line":26,"column":4},"end":{"line":27,"column":80}}],"line":2},"1":{"loc":{"start":{"line":27,"column":38},"end":{"line":27,"column":76}},"type":"binary-expr","locations":[{"start":{"line":27,"column":38},"end":{"line":27,"column":49}},{"start":{"line":27,"column":53},"end":{"line":27,"column":76}}],"line":27}},"s":{"0":3,"1":17,"2":4,"3":4,"4":1,"5":1,"6":1,"7":2,"8":2,"9":1,"10":1,"11":8,"12":8,"13":4,"14":4,"15":0,"16":3},"f":{"0":17,"1":2},"b":{"0":[3,4,1,6,7,8,1,3,4,0],"1":[0,0]},"_coverageSchema":"1a1c01bbd47fc00a2c39e90264f33305004495a9","hash":"68e95f7e3ff6a0b33223319d5503f420a4021e02"}
,"D:\\hacktiv8\\tugas\\phase 3\\final project\\server\\models\\class.js": {"path":"D:\\hacktiv8\\tugas\\phase 3\\final project\\server\\models\\class.js","statementMap":{"0":{"start":{"line":2,"column":18},"end":{"line":2,"column":38}},"1":{"start":{"line":3,"column":0},"end":{"line":27,"column":2}},"2":{"start":{"line":12,"column":6},"end":{"line":12,"column":61}},"3":{"start":{"line":13,"column":6},"end":{"line":13,"column":67}},"4":{"start":{"line":16,"column":2},"end":{"line":25,"column":4}},"5":{"start":{"line":26,"column":2},"end":{"line":26,"column":15}}},"fnMap":{"0":{"name":"(anonymous_0)","decl":{"start":{"line":3,"column":17},"end":{"line":3,"column":18}},"loc":{"start":{"line":3,"column":43},"end":{"line":27,"column":1}},"line":3},"1":{"name":"(anonymous_1)","decl":{"start":{"line":10,"column":4},"end":{"line":10,"column":5}},"loc":{"start":{"line":10,"column":29},"end":{"line":14,"column":5}},"line":10}},"branchMap":{},"s":{"0":3,"1":3,"2":3,"3":3,"4":3,"5":3},"f":{"0":3,"1":3},"b":{},"_coverageSchema":"1a1c01bbd47fc00a2c39e90264f33305004495a9","hash":"7484e5eaf3dcee010688b71a2d70ec9ece39d9df"}
,"D:\\hacktiv8\\tugas\\phase 3\\final project\\server\\models\\index.js": {"path":"D:\\hacktiv8\\tugas\\phase 3\\final project\\server\\models\\index.js","statementMap":{"0":{"start":{"line":3,"column":11},"end":{"line":3,"column":24}},"1":{"start":{"line":4,"column":13},"end":{"line":4,"column":28}},"2":{"start":{"line":5,"column":18},"end":{"line":5,"column":38}},"3":{"start":{"line":6,"column":17},"end":{"line":6,"column":42}},"4":{"start":{"line":7,"column":12},"end":{"line":7,"column":49}},"5":{"start":{"line":8,"column":15},"end":{"line":8,"column":65}},"6":{"start":{"line":9,"column":11},"end":{"line":9,"column":13}},"7":{"start":{"line":12,"column":0},"end":{"line":16,"column":1}},"8":{"start":{"line":13,"column":2},"end":{"line":13,"column":74}},"9":{"start":{"line":15,"column":2},"end":{"line":15,"column":87}},"10":{"start":{"line":18,"column":0},"end":{"line":26,"column":5}},"11":{"start":{"line":21,"column":4},"end":{"line":21,"column":90}},"12":{"start":{"line":24,"column":18},"end":{"line":24,"column":85}},"13":{"start":{"line":25,"column":4},"end":{"line":25,"column":27}},"14":{"start":{"line":28,"column":0},"end":{"line":32,"column":3}},"15":{"start":{"line":29,"column":2},"end":{"line":31,"column":3}},"16":{"start":{"line":30,"column":4},"end":{"line":30,"column":32}},"17":{"start":{"line":34,"column":0},"end":{"line":34,"column":25}},"18":{"start":{"line":35,"column":0},"end":{"line":35,"column":25}},"19":{"start":{"line":37,"column":0},"end":{"line":37,"column":20}}},"fnMap":{"0":{"name":"(anonymous_0)","decl":{"start":{"line":20,"column":10},"end":{"line":20,"column":11}},"loc":{"start":{"line":20,"column":18},"end":{"line":22,"column":3}},"line":20},"1":{"name":"(anonymous_1)","decl":{"start":{"line":23,"column":11},"end":{"line":23,"column":12}},"loc":{"start":{"line":23,"column":19},"end":{"line":26,"column":3}},"line":23},"2":{"name":"(anonymous_2)","decl":{"start":{"line":28,"column":24},"end":{"line":28,"column":25}},"loc":{"start":{"line":28,"column":37},"end":{"line":32,"column":1}},"line":28}},"branchMap":{"0":{"loc":{"start":{"line":7,"column":12},"end":{"line":7,"column":49}},"type":"binary-expr","locations":[{"start":{"line":7,"column":12},"end":{"line":7,"column":32}},{"start":{"line":7,"column":36},"end":{"line":7,"column":49}}],"line":7},"1":{"loc":{"start":{"line":12,"column":0},"end":{"line":16,"column":1}},"type":"if","locations":[{"start":{"line":12,"column":0},"end":{"line":16,"column":1}},{"start":{"line":12,"column":0},"end":{"line":16,"column":1}}],"line":12},"2":{"loc":{"start":{"line":21,"column":11},"end":{"line":21,"column":89}},"type":"binary-expr","locations":[{"start":{"line":21,"column":12},"end":{"line":21,"column":35}},{"start":{"line":21,"column":41},"end":{"line":21,"column":58}},{"start":{"line":21,"column":64},"end":{"line":21,"column":88}}],"line":21},"3":{"loc":{"start":{"line":29,"column":2},"end":{"line":31,"column":3}},"type":"if","locations":[{"start":{"line":29,"column":2},"end":{"line":31,"column":3}},{"start":{"line":29,"column":2},"end":{"line":31,"column":3}}],"line":29}},"s":{"0":3,"1":3,"2":3,"3":3,"4":3,"5":3,"6":3,"7":3,"8":0,"9":3,"10":3,"11":12,"12":9,"13":9,"14":3,"15":9,"16":9,"17":3,"18":3,"19":3},"f":{"0":12,"1":9,"2":9},"b":{"0":[3,0],"1":[0,3],"2":[12,12,9],"3":[9,0]},"_coverageSchema":"1a1c01bbd47fc00a2c39e90264f33305004495a9","hash":"ca6510b9b518f969b7c904d6d0dc25641373db00"}
,"D:\\hacktiv8\\tugas\\phase 3\\final project\\server\\models\\lecture.js": {"path":"D:\\hacktiv8\\tugas\\phase 3\\final project\\server\\models\\lecture.js","statementMap":{"0":{"start":{"line":2,"column":18},"end":{"line":2,"column":38}},"1":{"start":{"line":3,"column":0},"end":{"line":28,"column":2}},"2":{"start":{"line":12,"column":6},"end":{"line":12,"column":65}},"3":{"start":{"line":15,"column":2},"end":{"line":26,"column":4}},"4":{"start":{"line":27,"column":2},"end":{"line":27,"column":17}}},"fnMap":{"0":{"name":"(anonymous_0)","decl":{"start":{"line":3,"column":17},"end":{"line":3,"column":18}},"loc":{"start":{"line":3,"column":43},"end":{"line":28,"column":1}},"line":3},"1":{"name":"(anonymous_1)","decl":{"start":{"line":10,"column":4},"end":{"line":10,"column":5}},"loc":{"start":{"line":10,"column":29},"end":{"line":13,"column":5}},"line":10}},"branchMap":{},"s":{"0":3,"1":3,"2":3,"3":3,"4":3},"f":{"0":3,"1":3},"b":{},"_coverageSchema":"1a1c01bbd47fc00a2c39e90264f33305004495a9","hash":"19c35c9578cfefa6db1ac2435b16d5070468a8ca"}
,"D:\\hacktiv8\\tugas\\phase 3\\final project\\server\\models\\user.js": {"path":"D:\\hacktiv8\\tugas\\phase 3\\final project\\server\\models\\user.js","statementMap":{"0":{"start":{"line":2,"column":18},"end":{"line":2,"column":38}},"1":{"start":{"line":3,"column":17},"end":{"line":3,"column":45}},"2":{"start":{"line":5,"column":0},"end":{"line":77,"column":2}},"3":{"start":{"line":14,"column":6},"end":{"line":14,"column":65}},"4":{"start":{"line":17,"column":2},"end":{"line":75,"column":4}},"5":{"start":{"line":42,"column":12},"end":{"line":44,"column":13}},"6":{"start":{"line":43,"column":14},"end":{"line":43,"column":66}},"7":{"start":{"line":69,"column":10},"end":{"line":69,"column":54}},"8":{"start":{"line":76,"column":2},"end":{"line":76,"column":14}}},"fnMap":{"0":{"name":"(anonymous_0)","decl":{"start":{"line":5,"column":17},"end":{"line":5,"column":18}},"loc":{"start":{"line":5,"column":43},"end":{"line":77,"column":1}},"line":5},"1":{"name":"(anonymous_1)","decl":{"start":{"line":12,"column":4},"end":{"line":12,"column":5}},"loc":{"start":{"line":12,"column":29},"end":{"line":15,"column":5}},"line":12},"2":{"name":"(anonymous_2)","decl":{"start":{"line":41,"column":10},"end":{"line":41,"column":11}},"loc":{"start":{"line":41,"column":25},"end":{"line":45,"column":11}},"line":41},"3":{"name":"(anonymous_3)","decl":{"start":{"line":68,"column":22},"end":{"line":68,"column":23}},"loc":{"start":{"line":68,"column":45},"end":{"line":70,"column":9}},"line":68}},"branchMap":{"0":{"loc":{"start":{"line":42,"column":12},"end":{"line":44,"column":13}},"type":"if","locations":[{"start":{"line":42,"column":12},"end":{"line":44,"column":13}},{"start":{"line":42,"column":12},"end":{"line":44,"column":13}}],"line":42}},"s":{"0":3,"1":3,"2":3,"3":3,"4":3,"5":7,"6":1,"7":5,"8":3},"f":{"0":3,"1":3,"2":7,"3":5},"b":{"0":[1,6]},"_coverageSchema":"1a1c01bbd47fc00a2c39e90264f33305004495a9","hash":"560a153087aa40aaa4f4cf8fafd927ea89c14db1"}
,"D:\\hacktiv8\\tugas\\phase 3\\final project\\server\\routers\\classRouters.js": {"path":"D:\\hacktiv8\\tugas\\phase 3\\final project\\server\\routers\\classRouters.js","statementMap":{"0":{"start":{"line":1,"column":15},"end":{"line":1,"column":42}},"1":{"start":{"line":2,"column":25},"end":{"line":2,"column":70}},"2":{"start":{"line":6,"column":0},"end":{"line":6,"column":46}},"3":{"start":{"line":7,"column":0},"end":{"line":7,"column":50}},"4":{"start":{"line":8,"column":0},"end":{"line":8,"column":51}},"5":{"start":{"line":9,"column":0},"end":{"line":9,"column":54}},"6":{"start":{"line":11,"column":0},"end":{"line":11,"column":24}}},"fnMap":{},"branchMap":{},"s":{"0":3,"1":3,"2":3,"3":3,"4":3,"5":3,"6":3},"f":{},"b":{},"_coverageSchema":"1a1c01bbd47fc00a2c39e90264f33305004495a9","hash":"6dbd316dba2be6a7499d9ce55f294360ebcffb58"}
,"D:\\hacktiv8\\tugas\\phase 3\\final project\\server\\routers\\index.js": {"path":"D:\\hacktiv8\\tugas\\phase 3\\final project\\server\\routers\\index.js","statementMap":{"0":{"start":{"line":1,"column":15},"end":{"line":1,"column":42}},"1":{"start":{"line":2,"column":19},"end":{"line":2,"column":43}},"2":{"start":{"line":3,"column":22},"end":{"line":3,"column":49}},"3":{"start":{"line":4,"column":20},"end":{"line":4,"column":45}},"4":{"start":{"line":6,"column":0},"end":{"line":6,"column":28}},"5":{"start":{"line":7,"column":0},"end":{"line":7,"column":31}},"6":{"start":{"line":8,"column":0},"end":{"line":8,"column":29}},"7":{"start":{"line":10,"column":0},"end":{"line":10,"column":24}}},"fnMap":{},"branchMap":{},"s":{"0":3,"1":3,"2":3,"3":3,"4":3,"5":3,"6":3,"7":3},"f":{},"b":{},"_coverageSchema":"1a1c01bbd47fc00a2c39e90264f33305004495a9","hash":"661ef82b378b20c9bd0560bc3443c937874448d9"}
,"D:\\hacktiv8\\tugas\\phase 3\\final project\\server\\routers\\lectureRouters.js": {"path":"D:\\hacktiv8\\tugas\\phase 3\\final project\\server\\routers\\lectureRouters.js","statementMap":{"0":{"start":{"line":1,"column":15},"end":{"line":1,"column":42}},"1":{"start":{"line":2,"column":27},"end":{"line":2,"column":71}},"2":{"start":{"line":4,"column":0},"end":{"line":4,"column":51}},"3":{"start":{"line":5,"column":0},"end":{"line":5,"column":56}},"4":{"start":{"line":7,"column":0},"end":{"line":7,"column":24}}},"fnMap":{},"branchMap":{},"s":{"0":3,"1":3,"2":3,"3":3,"4":3},"f":{},"b":{},"_coverageSchema":"1a1c01bbd47fc00a2c39e90264f33305004495a9","hash":"ec11999dd84178b23604c5094fc05cfdba8e8648"}
,"D:\\hacktiv8\\tugas\\phase 3\\final project\\server\\routers\\userRouters.js": {"path":"D:\\hacktiv8\\tugas\\phase 3\\final project\\server\\routers\\userRouters.js","statementMap":{"0":{"start":{"line":1,"column":15},"end":{"line":1,"column":42}},"1":{"start":{"line":2,"column":24},"end":{"line":2,"column":68}},"2":{"start":{"line":6,"column":4},"end":{"line":6,"column":34}},"3":{"start":{"line":8,"column":0},"end":{"line":8,"column":45}},"4":{"start":{"line":9,"column":0},"end":{"line":9,"column":27}},"5":{"start":{"line":10,"column":0},"end":{"line":10,"column":45}},"6":{"start":{"line":11,"column":0},"end":{"line":11,"column":50}},"7":{"start":{"line":12,"column":0},"end":{"line":12,"column":67}},"8":{"start":{"line":14,"column":0},"end":{"line":14,"column":24}}},"fnMap":{},"branchMap":{},"s":{"0":3,"1":3,"2":3,"3":3,"4":3,"5":3,"6":3,"7":3,"8":3},"f":{},"b":{},"_coverageSchema":"1a1c01bbd47fc00a2c39e90264f33305004495a9","hash":"7f7a2551ce405786046f54fb4401a5e01f8f7bb1"}
}
